[M::mm_idx_gen::9.209*1.69] collected minimizers
[M::mm_idx_gen::10.622*4.83] sorted minimizers
[M::main::10.623*4.83] loaded/built the index for 18131 target sequence(s)
[M::mm_mapopt_update::10.623*4.83] mid_occ = 1000
[M::mm_idx_stat] kmer size: 21; skip: 11; is_hpc: 0; #seq: 18131
[M::mm_idx_stat::10.986*4.70] distinct minimizers: 46089275 (73.77% are singletons); average occurrences: 2.153; average spacing: 6.032; total length: 598476837
[M::worker_pipeline::11.936*5.09] mapped 554622 sequences
[M::worker_pipeline::12.794*5.43] mapped 552692 sequences
[M::worker_pipeline::13.500*5.81] mapped 551425 sequences
[M::worker_pipeline::14.178*6.18] mapped 550613 sequences
[M::worker_pipeline::14.769*6.59] mapped 550274 sequences
[M::worker_pipeline::15.563*6.93] mapped 550567 sequences
[M::worker_pipeline::16.107*7.31] mapped 549677 sequences
[M::worker_pipeline::16.785*7.57] mapped 548800 sequences
[M::worker_pipeline::17.433*7.90] mapped 548846 sequences
[M::worker_pipeline::18.111*8.17] mapped 548815 sequences
[M::worker_pipeline::18.664*8.49] mapped 548210 sequences
[M::worker_pipeline::19.246*8.75] mapped 547531 sequences
[M::worker_pipeline::19.857*8.98] mapped 547824 sequences
[M::worker_pipeline::20.404*9.19] mapped 547339 sequences
[M::worker_pipeline::20.998*9.38] mapped 547014 sequences
[M::worker_pipeline::21.728*9.49] mapped 546973 sequences
[M::worker_pipeline::22.321*9.71] mapped 546245 sequences
[M::worker_pipeline::22.939*9.88] mapped 545551 sequences
[M::worker_pipeline::23.539*10.04] mapped 545541 sequences
[M::worker_pipeline::24.132*10.20] mapped 545609 sequences
[M::worker_pipeline::24.733*10.36] mapped 545014 sequences
[M::worker_pipeline::25.438*10.50] mapped 543815 sequences
[M::worker_pipeline::26.020*10.63] mapped 542986 sequences
[M::worker_pipeline::26.650*10.74] mapped 542353 sequences
[M::worker_pipeline::27.203*10.87] mapped 541756 sequences
[M::worker_pipeline::27.883*10.95] mapped 541608 sequences
[M::worker_pipeline::28.559*11.03] mapped 540721 sequences
[M::worker_pipeline::29.197*11.13] mapped 539116 sequences
[M::worker_pipeline::29.747*11.24] mapped 538476 sequences
[M::worker_pipeline::30.328*11.33] mapped 537911 sequences
[M::worker_pipeline::30.920*11.40] mapped 550350 sequences
[M::worker_pipeline::31.523*11.48] mapped 553948 sequences
[M::worker_pipeline::32.094*11.58] mapped 552705 sequences
[M::worker_pipeline::32.782*11.63] mapped 551384 sequences
[M::worker_pipeline::33.477*11.69] mapped 550566 sequences
[M::worker_pipeline::34.142*11.75] mapped 550590 sequences
[M::worker_pipeline::34.769*11.82] mapped 551153 sequences
[M::worker_pipeline::35.353*11.90] mapped 550021 sequences
[M::worker_pipeline::35.964*11.98] mapped 549084 sequences
[M::worker_pipeline::36.578*12.03] mapped 549689 sequences
[M::worker_pipeline::37.246*12.09] mapped 549234 sequences
[M::worker_pipeline::37.867*12.15] mapped 548585 sequences
[M::worker_pipeline::38.460*12.22] mapped 547912 sequences
[M::worker_pipeline::39.085*12.29] mapped 547631 sequences
[M::worker_pipeline::39.649*12.36] mapped 547608 sequences
[M::worker_pipeline::40.255*12.40] mapped 546715 sequences
[M::worker_pipeline::40.826*12.46] mapped 546434 sequences
[M::worker_pipeline::41.386*12.52] mapped 546227 sequences
[M::worker_pipeline::42.009*12.55] mapped 544302 sequences
[M::worker_pipeline::42.685*12.58] mapped 544604 sequences
[M::worker_pipeline::43.349*12.62] mapped 543367 sequences
[M::worker_pipeline::43.948*12.67] mapped 542724 sequences
[M::worker_pipeline::44.523*12.70] mapped 542337 sequences
[M::worker_pipeline::45.101*12.75] mapped 541788 sequences
[M::worker_pipeline::45.800*12.77] mapped 540449 sequences
[M::worker_pipeline::46.348*12.82] mapped 540457 sequences
[M::worker_pipeline::46.942*12.86] mapped 538946 sequences
[M::worker_pipeline::47.593*12.88] mapped 538790 sequences
[M::worker_pipeline::48.268*12.89] mapped 538220 sequences
[M::worker_pipeline::48.955*12.91] mapped 537260 sequences
[M::worker_pipeline::49.581*12.94] mapped 555222 sequences
[M::worker_pipeline::50.151*12.99] mapped 553767 sequences
[M::worker_pipeline::50.707*13.05] mapped 552144 sequences
[M::worker_pipeline::51.277*13.09] mapped 551013 sequences
[M::worker_pipeline::51.867*13.12] mapped 550407 sequences
[M::worker_pipeline::52.469*13.15] mapped 549896 sequences
[M::worker_pipeline::52.997*13.19] mapped 549275 sequences
[M::worker_pipeline::53.585*13.22] mapped 548792 sequences
[M::worker_pipeline::54.166*13.25] mapped 548277 sequences
[M::worker_pipeline::54.853*13.27] mapped 549296 sequences
[M::worker_pipeline::55.541*13.28] mapped 547623 sequences
[M::worker_pipeline::56.223*13.29] mapped 545939 sequences
[M::worker_pipeline::56.855*13.32] mapped 544275 sequences
[M::worker_pipeline::57.389*13.36] mapped 542888 sequences
[M::worker_pipeline::57.975*13.39] mapped 542323 sequences
[M::worker_pipeline::58.586*13.41] mapped 541247 sequences
[M::worker_pipeline::59.217*13.44] mapped 541960 sequences
[M::worker_pipeline::59.866*13.45] mapped 540745 sequences
[M::worker_pipeline::60.440*13.49] mapped 541363 sequences
[M::worker_pipeline::61.057*13.51] mapped 540679 sequences
[M::worker_pipeline::61.645*13.54] mapped 539135 sequences
[M::worker_pipeline::62.320*13.55] mapped 539337 sequences
[M::worker_pipeline::62.888*13.58] mapped 538789 sequences
[M::worker_pipeline::63.469*13.61] mapped 539256 sequences
[M::worker_pipeline::64.148*13.61] mapped 538346 sequences
[M::worker_pipeline::64.829*13.61] mapped 538563 sequences
[M::worker_pipeline::65.508*13.62] mapped 537931 sequences
[M::worker_pipeline::66.103*13.63] mapped 536887 sequences
[M::worker_pipeline::66.705*13.66] mapped 550017 sequences
[M::worker_pipeline::67.270*13.69] mapped 552225 sequences
[M::worker_pipeline::67.877*13.70] mapped 551680 sequences
[M::worker_pipeline::68.536*13.70] mapped 550658 sequences
[M::worker_pipeline::69.207*13.71] mapped 550874 sequences
[M::worker_pipeline::69.805*13.73] mapped 549549 sequences
[M::worker_pipeline::70.379*13.75] mapped 546251 sequences
[M::worker_pipeline::70.943*13.77] mapped 545046 sequences
[M::worker_pipeline::71.619*13.77] mapped 546064 sequences
[M::worker_pipeline::72.162*13.80] mapped 544270 sequences
[M::worker_pipeline::72.752*13.81] mapped 542625 sequences
[M::worker_pipeline::73.429*13.82] mapped 540300 sequences
[M::worker_pipeline::74.089*13.82] mapped 538003 sequences
[M::worker_pipeline::74.765*13.83] mapped 540245 sequences
[M::worker_pipeline::75.363*13.84] mapped 539842 sequences
[M::worker_pipeline::75.936*13.87] mapped 540249 sequences
[M::worker_pipeline::76.496*13.89] mapped 539498 sequences
[M::worker_pipeline::77.088*13.91] mapped 540338 sequences
[M::worker_pipeline::77.666*13.93] mapped 538165 sequences
[M::worker_pipeline::78.253*13.94] mapped 539242 sequences
[M::worker_pipeline::78.909*13.95] mapped 538315 sequences
[M::worker_pipeline::79.670*13.93] mapped 538298 sequences
[M::worker_pipeline::80.216*13.95] mapped 538434 sequences
[M::worker_pipeline::80.934*13.94] mapped 538545 sequences
[M::worker_pipeline::81.441*13.97] mapped 537659 sequences
[M::worker_pipeline::82.033*13.98] mapped 535530 sequences
[M::worker_pipeline::82.665*13.99] mapped 552612 sequences
[M::worker_pipeline::83.391*13.99] mapped 552826 sequences
[M::worker_pipeline::84.072*14.00] mapped 551641 sequences
[M::worker_pipeline::84.702*14.01] mapped 550268 sequences
[M::worker_pipeline::85.256*14.03] mapped 549772 sequences
[M::worker_pipeline::85.829*14.04] mapped 549316 sequences
[M::worker_pipeline::86.404*14.06] mapped 548926 sequences
[M::worker_pipeline::87.005*14.07] mapped 548562 sequences
[M::worker_pipeline::87.685*14.07] mapped 548413 sequences
[M::worker_pipeline::88.375*14.07] mapped 547293 sequences
[M::worker_pipeline::89.041*14.07] mapped 547043 sequences
[M::worker_pipeline::89.636*14.09] mapped 547359 sequences
[M::worker_pipeline::90.315*14.09] mapped 546899 sequences
[M::worker_pipeline::90.857*14.11] mapped 545964 sequences
[M::worker_pipeline::91.445*14.12] mapped 546346 sequences
[M::worker_pipeline::92.168*14.12] mapped 545868 sequences
[M::worker_pipeline::92.833*14.12] mapped 545239 sequences
[M::worker_pipeline::93.507*14.12] mapped 544563 sequences
[M::worker_pipeline::94.119*14.13] mapped 543877 sequences
[M::worker_pipeline::94.701*14.14] mapped 543360 sequences
[M::worker_pipeline::95.258*14.15] mapped 542950 sequences
[M::worker_pipeline::95.863*14.16] mapped 542787 sequences
[M::worker_pipeline::96.462*14.17] mapped 542263 sequences
[M::worker_pipeline::97.132*14.17] mapped 542391 sequences
[M::worker_pipeline::97.773*14.17] mapped 541117 sequences
[M::worker_pipeline::98.428*14.17] mapped 539714 sequences
[M::worker_pipeline::99.026*14.18] mapped 538568 sequences
[M::worker_pipeline::99.706*14.18] mapped 538528 sequences
[M::worker_pipeline::100.295*14.19] mapped 536906 sequences
[M::worker_pipeline::100.849*14.20] mapped 536165 sequences
[M::worker_pipeline::101.508*14.21] mapped 552216 sequences
[M::worker_pipeline::102.217*14.21] mapped 553378 sequences
[M::worker_pipeline::102.911*14.21] mapped 551496 sequences
[M::worker_pipeline::103.540*14.22] mapped 551096 sequences
[M::worker_pipeline::104.087*14.24] mapped 550028 sequences
[M::worker_pipeline::104.642*14.26] mapped 549216 sequences
[M::worker_pipeline::105.191*14.27] mapped 548962 sequences
[M::worker_pipeline::105.779*14.28] mapped 548998 sequences
[M::worker_pipeline::106.493*14.28] mapped 548909 sequences
[M::worker_pipeline::107.157*14.28] mapped 547949 sequences
[M::worker_pipeline::107.838*14.28] mapped 548291 sequences
[M::worker_pipeline::108.400*14.29] mapped 547979 sequences
[M::worker_pipeline::109.023*14.30] mapped 546674 sequences
[M::worker_pipeline::109.576*14.31] mapped 546416 sequences
[M::worker_pipeline::110.145*14.32] mapped 546219 sequences
[M::worker_pipeline::110.721*14.34] mapped 546487 sequences
[M::worker_pipeline::111.320*14.35] mapped 545907 sequences
[M::worker_pipeline::111.961*14.35] mapped 544304 sequences
[M::worker_pipeline::112.554*14.36] mapped 543669 sequences
[M::worker_pipeline::113.149*14.37] mapped 543648 sequences
[M::worker_pipeline::113.713*14.38] mapped 542394 sequences
[M::worker_pipeline::114.392*14.38] mapped 540981 sequences
[M::worker_pipeline::114.962*14.39] mapped 540969 sequences
[M::worker_pipeline::115.539*14.40] mapped 540331 sequences
[M::worker_pipeline::116.205*14.40] mapped 539024 sequences
[M::worker_pipeline::116.900*14.40] mapped 538187 sequences
[M::worker_pipeline::117.577*14.40] mapped 537519 sequences
[M::worker_pipeline::118.208*14.40] mapped 538549 sequences
[M::worker_pipeline::118.773*14.41] mapped 537340 sequences
[M::worker_pipeline::119.357*14.42] mapped 538071 sequences
[M::worker_pipeline::119.969*14.43] mapped 554437 sequences
[M::worker_pipeline::120.656*14.42] mapped 553351 sequences
[M::worker_pipeline::121.346*14.42] mapped 551510 sequences
[M::worker_pipeline::121.927*14.43] mapped 550905 sequences
[M::worker_pipeline::122.500*14.44] mapped 549807 sequences
[M::worker_pipeline::123.123*14.45] mapped 548898 sequences
[M::worker_pipeline::123.809*14.45] mapped 548813 sequences
[M::worker_pipeline::124.403*14.46] mapped 548611 sequences
[M::worker_pipeline::125.034*14.46] mapped 548557 sequences
[M::worker_pipeline::125.770*14.46] mapped 548185 sequences
[M::worker_pipeline::126.426*14.46] mapped 547072 sequences
[M::worker_pipeline::127.096*14.46] mapped 544372 sequences
[M::worker_pipeline::127.716*14.47] mapped 543072 sequences
[M::worker_pipeline::128.383*14.47] mapped 541939 sequences
[M::worker_pipeline::128.901*14.49] mapped 541696 sequences
[M::worker_pipeline::129.632*14.49] mapped 539851 sequences
[M::worker_pipeline::130.190*14.49] mapped 541754 sequences
[M::worker_pipeline::130.866*14.50] mapped 539830 sequences
[M::worker_pipeline::131.483*14.50] mapped 541075 sequences
[M::worker_pipeline::132.081*14.51] mapped 540779 sequences
[M::worker_pipeline::132.668*14.51] mapped 539435 sequences
[M::worker_pipeline::133.430*14.50] mapped 538956 sequences
[M::worker_pipeline::134.009*14.51] mapped 538272 sequences
[M::worker_pipeline::134.584*14.52] mapped 537876 sequences
[M::worker_pipeline::135.267*14.52] mapped 537561 sequences
[M::worker_pipeline::135.948*14.51] mapped 537722 sequences
[M::worker_pipeline::136.631*14.51] mapped 537346 sequences
[M::worker_pipeline::137.328*14.50] mapped 538147 sequences
[M::worker_pipeline::137.950*14.51] mapped 551861 sequences
[M::worker_pipeline::138.539*14.51] mapped 552261 sequences
[M::worker_pipeline::139.151*14.52] mapped 551367 sequences
[M::worker_pipeline::139.835*14.52] mapped 549700 sequences
[M::worker_pipeline::140.499*14.52] mapped 550441 sequences
[M::worker_pipeline::141.140*14.51] mapped 547349 sequences
[M::worker_pipeline::141.692*14.53] mapped 545894 sequences
[M::worker_pipeline::142.264*14.53] mapped 545033 sequences
[M::worker_pipeline::142.841*14.54] mapped 545396 sequences
[M::worker_pipeline::143.422*14.54] mapped 544198 sequences
[M::worker_pipeline::144.118*14.54] mapped 541983 sequences
[M::worker_pipeline::144.761*14.54] mapped 538350 sequences
[M::worker_pipeline::145.454*14.54] mapped 540397 sequences
[M::worker_pipeline::145.998*14.55] mapped 540369 sequences
[M::worker_pipeline::146.688*14.55] mapped 539744 sequences
[M::worker_pipeline::147.284*14.55] mapped 538759 sequences
[M::worker_pipeline::147.859*14.56] mapped 539224 sequences
[M::worker_pipeline::148.505*14.56] mapped 538515 sequences
[M::worker_pipeline::149.157*14.57] mapped 538276 sequences
[M::worker_pipeline::149.841*14.57] mapped 537906 sequences
[M::worker_pipeline::150.431*14.57] mapped 537444 sequences
[M::worker_pipeline::150.990*14.58] mapped 536348 sequences
[M::worker_pipeline::151.603*14.59] mapped 537062 sequences
[M::worker_pipeline::152.187*14.59] mapped 536322 sequences
[M::worker_pipeline::152.794*14.59] mapped 535856 sequences
[M::worker_pipeline::153.061*14.60] mapped 309110 sequences
[M::main] Version: 2.30-r1287
[M::main] CMD: minimap2 -x sr --secondary=no -t 200 /media/inter/pipelines/ECMSD/data/refseq_mito/mitochondrion_refseq_taxid_masked.fna.gz /media/inter/mkapun/projects/Tityra/data/trimmed/Tityra_leucura_merged.fastq.gz
[M::main] Real time: 153.456 sec; CPU: 2234.918 sec; Peak RSS: 4.344 GB
